<?xml version="1.0" encoding="UTF-8"?>
<testng-results ignored="0" total="2" passed="2" failed="0" skipped="0">
  <reporter-output>
  </reporter-output>
  <suite started-at="2026-04-13T15:41:11 IST" name="Default suite" finished-at="2026-04-13T15:41:23 IST" duration-ms="11730">
    <groups>
    </groups>
    <test started-at="2026-04-13T15:41:11 IST" name="Default test" finished-at="2026-04-13T15:41:23 IST" duration-ms="11730">
      <class name="TestCasesPackage.VerifyLogin">
        <test-method signature="VerifyLogin(java.lang.String,java.lang.String)[pri:0, instance:TestCasesPackage.VerifyLogin@2d3379b4]" started-at="2026-04-13T15:41:11 IST" name="VerifyLogin" data-provider="testdata" finished-at="2026-04-13T15:41:18 IST" duration-ms="7231" status="PASS">
          <params>
            <param index="0">
              <value>
                <![CDATA[testerakshaysawade@gmail.com]]>
              </value>
            </param>
            <param index="1">
              <value>
                <![CDATA[Tester@2412]]>
              </value>
            </param>
          </params>
          <reporter-output>
          </reporter-output>
        </test-method> <!-- VerifyLogin -->
        <test-method signature="VerifyLogin(java.lang.String,java.lang.String)[pri:0, instance:TestCasesPackage.VerifyLogin@2d3379b4]" started-at="2026-04-13T15:41:18 IST" name="VerifyLogin" data-provider="testdata" finished-at="2026-04-13T15:41:23 IST" duration-ms="4431" status="PASS">
          <params>
            <param index="0">
              <value>
                <![CDATA[testerakshaysawade@gmail.com]]>
              </value>
            </param>
            <param index="1">
              <value>
                <![CDATA[Tester@2413]]>
              </value>
            </param>
          </params>
          <reporter-output>
          </reporter-output>
        </test-method> <!-- VerifyLogin -->
      </class> <!-- TestCasesPackage.VerifyLogin -->
    </test> <!-- Default test -->
  </suite> <!-- Default suite -->
</testng-results>
