<?xml version="1.0" encoding="UTF-8"?>
<testng-results ignored="0" total="1" passed="1" failed="0" skipped="0">
  <reporter-output>
  </reporter-output>
  <suite started-at="2026-04-13T12:55:46 IST" name="Default suite" finished-at="2026-04-13T12:55:51 IST" duration-ms="5154">
    <groups>
    </groups>
    <test started-at="2026-04-13T12:55:46 IST" name="Default test" finished-at="2026-04-13T12:55:51 IST" duration-ms="5154">
      <class name="TestCasesPackage.VerifyRegister">
        <test-method is-config="true" signature="setupBrowser()[pri:0, instance:TestCasesPackage.VerifyRegister@41d477ed]" started-at="2026-04-13T12:55:46 IST" name="setupBrowser" finished-at="2026-04-13T12:55:50 IST" duration-ms="4285" status="PASS">
          <reporter-output>
          </reporter-output>
        </test-method> <!-- setupBrowser -->
        <test-method signature="verifyingRegisterFeature()[pri:0, instance:TestCasesPackage.VerifyRegister@41d477ed]" started-at="2026-04-13T12:55:50 IST" name="verifyingRegisterFeature" finished-at="2026-04-13T12:55:51 IST" duration-ms="816" status="PASS">
          <reporter-output>
          </reporter-output>
        </test-method> <!-- verifyingRegisterFeature -->
        <test-method is-config="true" signature="tearDown()[pri:0, instance:TestCasesPackage.VerifyRegister@41d477ed]" started-at="2026-04-13T12:55:51 IST" name="tearDown" finished-at="2026-04-13T12:55:51 IST" duration-ms="1" status="PASS">
          <reporter-output>
          </reporter-output>
        </test-method> <!-- tearDown -->
      </class> <!-- TestCasesPackage.VerifyRegister -->
    </test> <!-- Default test -->
  </suite> <!-- Default suite -->
</testng-results>
